<?xml version="1.0" encoding="UTF-8"?>
<!-- Generated by org.testng.reporters.JUnitXMLReporter -->
<testsuite ignored="0" hostname="Neelshika" failures="0" tests="2" name="Surefire test" time="208.955" errors="0" timestamp="22 Aug 2022 18:41:45 GMT">
  <testcase classname="cucumber.api.testng.AbstractTestNGCucumberTests" name="runScenario" time="117.508"/>
  <testcase classname="cucumber.api.testng.AbstractTestNGCucumberTests" name="runScenario" time="90.852"/>
</testsuite> <!-- Surefire test -->
