<?xml version="1.0" encoding="UTF-8"?>
<testng-results ignored="0" total="2" passed="2" failed="0" skipped="0">
  <reporter-output>
  </reporter-output>
  <suite started-at="2022-08-22T18:38:16Z" name="Surefire suite" finished-at="2022-08-22T18:41:45Z" duration-ms="208955">
    <groups>
      <group name="cucumber">
        <method signature="AbstractTestNGCucumberTests.runScenario(cucumber.api.testng.PickleEventWrapper, cucumber.api.testng.CucumberFeatureWrapper)[pri:0, instance:testRunner.RunTest@43d7741f]" name="runScenario" class="cucumber.api.testng.AbstractTestNGCucumberTests"/>
      </group> <!-- cucumber -->
    </groups>
    <test started-at="2022-08-22T18:38:16Z" name="Surefire test" finished-at="2022-08-22T18:41:45Z" duration-ms="208955">
      <class name="testRunner.RunTest">
        <test-method is-config="true" signature="setUpClass()[pri:0, instance:testRunner.RunTest@43d7741f]" started-at="2022-08-22T18:38:16Z" name="setUpClass" finished-at="2022-08-22T18:38:16Z" duration-ms="314" status="PASS">
          <reporter-output>
          </reporter-output>
        </test-method> <!-- setUpClass -->
        <test-method signature="runScenario(cucumber.api.testng.PickleEventWrapper, cucumber.api.testng.CucumberFeatureWrapper)[pri:0, instance:testRunner.RunTest@43d7741f]" started-at="2022-08-22T18:38:16Z" name="runScenario" description="Runs Cucumber Scenarios" data-provider="scenarios" finished-at="2022-08-22T18:40:13Z" duration-ms="117508" status="PASS">
          <params>
            <param index="0">
              <value>
                <![CDATA["Submit an application and validate all the required fields (Positive Test case)"]]>
              </value>
            </param>
            <param index="1">
              <value>
                <![CDATA["As a Job seeker, I want to apply job in Homage career portal"]]>
              </value>
            </param>
          </params>
          <reporter-output>
          </reporter-output>
        </test-method> <!-- runScenario -->
        <test-method signature="runScenario(cucumber.api.testng.PickleEventWrapper, cucumber.api.testng.CucumberFeatureWrapper)[pri:0, instance:testRunner.RunTest@43d7741f]" started-at="2022-08-22T18:40:13Z" name="runScenario" description="Runs Cucumber Scenarios" data-provider="scenarios" finished-at="2022-08-22T18:41:44Z" duration-ms="90852" status="PASS">
          <params>
            <param index="0">
              <value>
                <![CDATA["Submit an application with Invalid data (Negative Test case)"]]>
              </value>
            </param>
            <param index="1">
              <value>
                <![CDATA["As a Job seeker, I want to apply job in Homage career portal"]]>
              </value>
            </param>
          </params>
          <reporter-output>
          </reporter-output>
        </test-method> <!-- runScenario -->
        <test-method is-config="true" signature="tearDownClass()[pri:0, instance:testRunner.RunTest@43d7741f]" started-at="2022-08-22T18:41:44Z" name="tearDownClass" finished-at="2022-08-22T18:41:45Z" duration-ms="219" status="PASS">
          <reporter-output>
          </reporter-output>
        </test-method> <!-- tearDownClass -->
      </class> <!-- testRunner.RunTest -->
      <class name="step_definitions.TestHooks">
        <test-method is-config="true" signature="startup()[pri:0, instance:step_definitions.TestHooks@2698dc7]" started-at="2022-08-22T18:38:16Z" name="startup" finished-at="2022-08-22T18:38:16Z" duration-ms="11" status="PASS">
          <reporter-output>
          </reporter-output>
        </test-method> <!-- startup -->
        <test-method is-config="true" signature="teardown()[pri:0, instance:step_definitions.TestHooks@2698dc7]" started-at="2022-08-22T18:41:45Z" name="teardown" finished-at="2022-08-22T18:41:46Z" duration-ms="924" status="PASS">
          <reporter-output>
          </reporter-output>
        </test-method> <!-- teardown -->
      </class> <!-- step_definitions.TestHooks -->
    </test> <!-- Surefire test -->
  </suite> <!-- Surefire suite -->
</testng-results>
